# JRE version: Java(TM) SE Runtime Environment (8.0_31-b13) (build 1.8.0_31-b13)
# Java VM: Java HotSpot(TM) 64-Bit Server VM (25.31-b07 mixed mode windows-amd64 compressed oops)
Heap:
 PSYoungGen      total 84992K, used 66390K [0x00000000d5d80000, 0x00000000dda80000, 0x0000000100000000)
  eden space 73216K, 90% used [0x00000000d5d80000,0x00000000d9e55a38,0x00000000da500000)
  from space 11776K, 0% used [0x00000000da500000,0x00000000da500000,0x00000000db080000)
  to   space 12800K, 0% used [0x00000000dce00000,0x00000000dce00000,0x00000000dda80000)
 ParOldGen       total 92672K, used 14244K [0x0000000081800000, 0x0000000087280000, 0x00000000d5d80000)
  object space 92672K, 15% used [0x0000000081800000,0x00000000825e9338,0x0000000087280000)
 Metaspace       used 41732K, capacity 44308K, committed 44416K, reserved 1087488K
  class space    used 5506K, capacity 5928K, committed 6016K, reserved 1048576K
GC Heap History (10 events):
Event: 5.388 GC heap before
{Heap before GC invocations=7 (full 1):
 PSYoungGen      total 38400K, used 36777K [0x00000000d5d80000, 0x00000000d9f00000, 0x0000000100000000)
  eden space 33280K, 100% used [0x00000000d5d80000,0x00000000d7e00000,0x00000000d7e00000)
  from space 5120K, 68% used [0x00000000d7e00000,0x00000000d816a428,0x00000000d8300000)
  to   space 9216K, 0% used [0x00000000d9600000,0x00000000d9600000,0x00000000d9f00000)
 ParOldGen       total 60416K, used 5953K [0x0000000081800000, 0x0000000085300000, 0x00000000d5d80000)
  object space 60416K, 9% used [0x0000000081800000,0x0000000081dd05d8,0x0000000085300000)
 Metaspace       used 22936K, capacity 24038K, committed 24192K, reserved 1071104K
  class space    used 2941K, capacity 3123K, committed 3200K, reserved 1048576K
Event: 5.401 GC heap after
Heap after GC invocations=7 (full 1):
 PSYoungGen      total 58368K, used 5020K [0x00000000d5d80000, 0x00000000da080000, 0x0000000100000000)
  eden space 49152K, 0% used [0x00000000d5d80000,0x00000000d5d80000,0x00000000d8d80000)
  from space 9216K, 54% used [0x00000000d9600000,0x00000000d9ae7088,0x00000000d9f00000)
  to   space 8704K, 0% used [0x00000000d8d80000,0x00000000d8d80000,0x00000000d9600000)
 ParOldGen       total 60416K, used 5953K [0x0000000081800000, 0x0000000085300000, 0x00000000d5d80000)
  object space 60416K, 9% used [0x0000000081800000,0x0000000081dd05d8,0x0000000085300000)
 Metaspace       used 22936K, capacity 24038K, committed 24192K, reserved 1071104K
  class space    used 2941K, capacity 3123K, committed 3200K, reserved 1048576K
}
Event: 6.853 GC heap before
{Heap before GC invocations=8 (full 1):
 PSYoungGen      total 58368K, used 54172K [0x00000000d5d80000, 0x00000000da080000, 0x0000000100000000)
  eden space 49152K, 100% used [0x00000000d5d80000,0x00000000d8d80000,0x00000000d8d80000)
  from space 9216K, 54% used [0x00000000d9600000,0x00000000d9ae7088,0x00000000d9f00000)
  to   space 8704K, 0% used [0x00000000d8d80000,0x00000000d8d80000,0x00000000d9600000)
 ParOldGen       total 60416K, used 5953K [0x0000000081800000, 0x0000000085300000, 0x00000000d5d80000)
  object space 60416K, 9% used [0x0000000081800000,0x0000000081dd05d8,0x0000000085300000)
 Metaspace       used 27800K, capacity 29308K, committed 29440K, reserved 1075200K
  class space    used 3586K, capacity 3836K, committed 3840K, reserved 1048576K
Event: 6.867 GC heap after
Heap after GC invocations=8 (full 1):
 PSYoungGen      total 57856K, used 8681K [0x00000000d5d80000, 0x00000000dba80000, 0x0000000100000000)
  eden space 49152K, 0% used [0x00000000d5d80000,0x00000000d5d80000,0x00000000d8d80000)
  from space 8704K, 99% used [0x00000000d8d80000,0x00000000d95fa440,0x00000000d9600000)
  to   space 10240K, 0% used [0x00000000db080000,0x00000000db080000,0x00000000dba80000)
 ParOldGen       total 60416K, used 6794K [0x0000000081800000, 0x0000000085300000, 0x00000000d5d80000)
  object space 60416K, 11% used [0x0000000081800000,0x0000000081ea2a80,0x0000000085300000)
 Metaspace       used 27800K, capacity 29308K, committed 29440K, reserved 1075200K
  class space    used 3586K, capacity 3836K, committed 3840K, reserved 1048576K
}
Event: 8.101 GC heap before
{Heap before GC invocations=9 (full 1):
 PSYoungGen      total 57856K, used 57833K [0x00000000d5d80000, 0x00000000dba80000, 0x0000000100000000)
  eden space 49152K, 100% used [0x00000000d5d80000,0x00000000d8d80000,0x00000000d8d80000)
  from space 8704K, 99% used [0x00000000d8d80000,0x00000000d95fa440,0x00000000d9600000)
  to   space 10240K, 0% used [0x00000000db080000,0x00000000db080000,0x00000000dba80000)
 ParOldGen       total 60416K, used 6794K [0x0000000081800000, 0x0000000085300000, 0x00000000d5d80000)
  object space 60416K, 11% used [0x0000000081800000,0x0000000081ea2a80,0x0000000085300000)
 Metaspace       used 31144K, capacity 33058K, committed 33152K, reserved 1077248K
  class space    used 4112K, capacity 4423K, committed 4480K, reserved 1048576K
Event: 8.122 GC heap after
Heap after GC invocations=9 (full 1):
 PSYoungGen      total 83456K, used 10239K [0x00000000d5d80000, 0x00000000dbf00000, 0x0000000100000000)
  eden space 73216K, 0% used [0x00000000d5d80000,0x00000000d5d80000,0x00000000da500000)
  from space 10240K, 99% used [0x00000000db080000,0x00000000dba7fe38,0x00000000dba80000)
  to   space 11776K, 0% used [0x00000000da500000,0x00000000da500000,0x00000000db080000)
 ParOldGen       total 60416K, used 6983K [0x0000000081800000, 0x0000000085300000, 0x00000000d5d80000)
  object space 60416K, 11% used [0x0000000081800000,0x0000000081ed1c70,0x0000000085300000)
 Metaspace       used 31144K, capacity 33058K, committed 33152K, reserved 1077248K
  class space    used 4112K, capacity 4423K, committed 4480K, reserved 1048576K
}
Event: 8.689 GC heap before
{Heap before GC invocations=10 (full 1):
 PSYoungGen      total 83456K, used 31300K [0x00000000d5d80000, 0x00000000dbf00000, 0x0000000100000000)
  eden space 73216K, 28% used [0x00000000d5d80000,0x00000000d7211460,0x00000000da500000)
  from space 10240K, 99% used [0x00000000db080000,0x00000000dba7fe38,0x00000000dba80000)
  to   space 11776K, 0% used [0x00000000da500000,0x00000000da500000,0x00000000db080000)
 ParOldGen       total 60416K, used 6983K [0x0000000081800000, 0x0000000085300000, 0x00000000d5d80000)
  object space 60416K, 11% used [0x0000000081800000,0x0000000081ed1c70,0x0000000085300000)
 Metaspace       used 33115K, capacity 35280K, committed 35416K, reserved 1079296K
  class space    used 4409K, capacity 4774K, committed 4864K, reserved 1048576K
Event: 8.712 GC heap after
Heap after GC invocations=10 (full 1):
 PSYoungGen      total 84992K, used 10668K [0x00000000d5d80000, 0x00000000dda80000, 0x0000000100000000)
  eden space 73216K, 0% used [0x00000000d5d80000,0x00000000d5d80000,0x00000000da500000)
  from space 11776K, 90% used [0x00000000da500000,0x00000000daf6b0b0,0x00000000db080000)
  to   space 12800K, 0% used [0x00000000dce00000,0x00000000dce00000,0x00000000dda80000)
 ParOldGen       total 60416K, used 6991K [0x0000000081800000, 0x0000000085300000, 0x00000000d5d80000)
  object space 60416K, 11% used [0x0000000081800000,0x0000000081ed3c70,0x0000000085300000)
 Metaspace       used 33115K, capacity 35280K, committed 35416K, reserved 1079296K
  class space    used 4409K, capacity 4774K, committed 4864K, reserved 1048576K
}
Event: 8.712 GC heap before
{Heap before GC invocations=11 (full 2):
 PSYoungGen      total 84992K, used 10668K [0x00000000d5d80000, 0x00000000dda80000, 0x0000000100000000)
  eden space 73216K, 0% used [0x00000000d5d80000,0x00000000d5d80000,0x00000000da500000)
  from space 11776K, 90% used [0x00000000da500000,0x00000000daf6b0b0,0x00000000db080000)
  to   space 12800K, 0% used [0x00000000dce00000,0x00000000dce00000,0x00000000dda80000)
 ParOldGen       total 60416K, used 6991K [0x0000000081800000, 0x0000000085300000, 0x00000000d5d80000)
  object space 60416K, 11% used [0x0000000081800000,0x0000000081ed3c70,0x0000000085300000)
 Metaspace       used 33115K, capacity 35280K, committed 35416K, reserved 1079296K
  class space    used 4409K, capacity 4774K, committed 4864K, reserved 1048576K
Event: 8.829 GC heap after
Heap after GC invocations=11 (full 2):
 PSYoungGen      total 84992K, used 0K [0x00000000d5d80000, 0x00000000dda80000, 0x0000000100000000)
  eden space 73216K, 0% used [0x00000000d5d80000,0x00000000d5d80000,0x00000000da500000)
  from space 11776K, 0% used [0x00000000da500000,0x00000000da500000,0x00000000db080000)
  to   space 12800K, 0% used [0x00000000dce00000,0x00000000dce00000,0x00000000dda80000)
 ParOldGen       total 92672K, used 14244K [0x0000000081800000, 0x0000000087280000, 0x00000000d5d80000)
  object space 92672K, 15% used [0x0000000081800000,0x00000000825e9338,0x0000000087280000)
 Metaspace       used 33115K, capacity 35280K, committed 35416K, reserved 1079296K
  class space    used 4409K, capacity 4774K, committed 4864K, reserved 1048576K
}

