# JRE version: Java(TM) SE Runtime Environment (8.0_31-b13) (build 1.8.0_31-b13)
# Java VM: Java HotSpot(TM) 64-Bit Server VM (25.31-b07 mixed mode windows-amd64 compressed oops)
Heap:
 PSYoungGen      total 77312K, used 17831K [0x00000000d5d80000, 0x00000000dc080000, 0x0000000100000000)
  eden space 68608K, 13% used [0x00000000d5d80000,0x00000000d66b2cd8,0x00000000da080000)
  from space 8704K, 96% used [0x00000000db800000,0x00000000dc037320,0x00000000dc080000)
  to   space 10752K, 0% used [0x00000000dab80000,0x00000000dab80000,0x00000000db600000)
 ParOldGen       total 72704K, used 15816K [0x0000000081800000, 0x0000000085f00000, 0x00000000d5d80000)
  object space 72704K, 21% used [0x0000000081800000,0x0000000082772240,0x0000000085f00000)
 Metaspace       used 41722K, capacity 44316K, committed 44632K, reserved 1087488K
  class space    used 5507K, capacity 5928K, committed 6016K, reserved 1048576K
GC Heap History (10 events):
Event: 19.997 GC heap before
{Heap before GC invocations=8 (full 1):
 PSYoungGen      total 39936K, used 37302K [0x00000000d5d80000, 0x00000000d8e00000, 0x0000000100000000)
  eden space 32256K, 100% used [0x00000000d5d80000,0x00000000d7d00000,0x00000000d7d00000)
  from space 7680K, 65% used [0x00000000d8680000,0x00000000d8b6d848,0x00000000d8e00000)
  to   space 8704K, 0% used [0x00000000d7d00000,0x00000000d7d00000,0x00000000d8580000)
 ParOldGen       total 43008K, used 5982K [0x0000000081800000, 0x0000000084200000, 0x00000000d5d80000)
  object space 43008K, 13% used [0x0000000081800000,0x0000000081dd7b88,0x0000000084200000)
 Metaspace       used 25745K, capacity 27244K, committed 27520K, reserved 1073152K
  class space    used 3367K, capacity 3632K, committed 3712K, reserved 1048576K
Event: 20.010 GC heap after
Heap after GC invocations=8 (full 1):
 PSYoungGen      total 40960K, used 6745K [0x00000000d5d80000, 0x00000000da680000, 0x0000000100000000)
  eden space 32256K, 0% used [0x00000000d5d80000,0x00000000d5d80000,0x00000000d7d00000)
  from space 8704K, 77% used [0x00000000d7d00000,0x00000000d83967e8,0x00000000d8580000)
  to   space 9216K, 0% used [0x00000000d9d80000,0x00000000d9d80000,0x00000000da680000)
 ParOldGen       total 43008K, used 5990K [0x0000000081800000, 0x0000000084200000, 0x00000000d5d80000)
  object space 43008K, 13% used [0x0000000081800000,0x0000000081dd9b88,0x0000000084200000)
 Metaspace       used 25745K, capacity 27244K, committed 27520K, reserved 1073152K
  class space    used 3367K, capacity 3632K, committed 3712K, reserved 1048576K
}
Event: 21.525 GC heap before
{Heap before GC invocations=9 (full 1):
 PSYoungGen      total 40960K, used 39001K [0x00000000d5d80000, 0x00000000da680000, 0x0000000100000000)
  eden space 32256K, 100% used [0x00000000d5d80000,0x00000000d7d00000,0x00000000d7d00000)
  from space 8704K, 77% used [0x00000000d7d00000,0x00000000d83967e8,0x00000000d8580000)
  to   space 9216K, 0% used [0x00000000d9d80000,0x00000000d9d80000,0x00000000da680000)
 ParOldGen       total 43008K, used 5990K [0x0000000081800000, 0x0000000084200000, 0x00000000d5d80000)
  object space 43008K, 13% used [0x0000000081800000,0x0000000081dd9b88,0x0000000084200000)
 Metaspace       used 28659K, capacity 30218K, committed 30336K, reserved 1075200K
  class space    used 3706K, capacity 3965K, committed 3968K, reserved 1048576K
Event: 21.545 GC heap after
Heap after GC invocations=9 (full 1):
 PSYoungGen      total 65024K, used 8305K [0x00000000d5d80000, 0x00000000da880000, 0x0000000100000000)
  eden space 55808K, 0% used [0x00000000d5d80000,0x00000000d5d80000,0x00000000d9400000)
  from space 9216K, 90% used [0x00000000d9d80000,0x00000000da59c610,0x00000000da680000)
  to   space 9728K, 0% used [0x00000000d9400000,0x00000000d9400000,0x00000000d9d80000)
 ParOldGen       total 43008K, used 5990K [0x0000000081800000, 0x0000000084200000, 0x00000000d5d80000)
  object space 43008K, 13% used [0x0000000081800000,0x0000000081dd9b88,0x0000000084200000)
 Metaspace       used 28659K, capacity 30218K, committed 30336K, reserved 1075200K
  class space    used 3706K, capacity 3965K, committed 3968K, reserved 1048576K
}
Event: 23.949 GC heap before
{Heap before GC invocations=10 (full 1):
 PSYoungGen      total 65024K, used 64113K [0x00000000d5d80000, 0x00000000da880000, 0x0000000100000000)
  eden space 55808K, 100% used [0x00000000d5d80000,0x00000000d9400000,0x00000000d9400000)
  from space 9216K, 90% used [0x00000000d9d80000,0x00000000da59c610,0x00000000da680000)
  to   space 9728K, 0% used [0x00000000d9400000,0x00000000d9400000,0x00000000d9d80000)
 ParOldGen       total 43008K, used 5990K [0x0000000081800000, 0x0000000084200000, 0x00000000d5d80000)
  object space 43008K, 13% used [0x0000000081800000,0x0000000081dd9b88,0x0000000084200000)
 Metaspace       used 33012K, capacity 35200K, committed 35416K, reserved 1079296K
  class space    used 4390K, capacity 4732K, committed 4736K, reserved 1048576K
Event: 23.968 GC heap after
Heap after GC invocations=10 (full 1):
 PSYoungGen      total 65536K, used 9422K [0x00000000d5d80000, 0x00000000dc280000, 0x0000000100000000)
  eden space 55808K, 0% used [0x00000000d5d80000,0x00000000d5d80000,0x00000000d9400000)
  from space 9728K, 96% used [0x00000000d9400000,0x00000000d9d338f8,0x00000000d9d80000)
  to   space 10752K, 0% used [0x00000000db800000,0x00000000db800000,0x00000000dc280000)
 ParOldGen       total 43008K, used 8982K [0x0000000081800000, 0x0000000084200000, 0x00000000d5d80000)
  object space 43008K, 20% used [0x0000000081800000,0x00000000820c5bc8,0x0000000084200000)
 Metaspace       used 33012K, capacity 35200K, committed 35416K, reserved 1079296K
  class space    used 4390K, capacity 4732K, committed 4736K, reserved 1048576K
}
Event: 23.968 GC heap before
{Heap before GC invocations=11 (full 2):
 PSYoungGen      total 65536K, used 9422K [0x00000000d5d80000, 0x00000000dc280000, 0x0000000100000000)
  eden space 55808K, 0% used [0x00000000d5d80000,0x00000000d5d80000,0x00000000d9400000)
  from space 9728K, 96% used [0x00000000d9400000,0x00000000d9d338f8,0x00000000d9d80000)
  to   space 10752K, 0% used [0x00000000db800000,0x00000000db800000,0x00000000dc280000)
 ParOldGen       total 43008K, used 8982K [0x0000000081800000, 0x0000000084200000, 0x00000000d5d80000)
  object space 43008K, 20% used [0x0000000081800000,0x00000000820c5bc8,0x0000000084200000)
 Metaspace       used 33012K, capacity 35200K, committed 35416K, reserved 1079296K
  class space    used 4390K, capacity 4732K, committed 4736K, reserved 1048576K
Event: 24.110 GC heap after
Heap after GC invocations=11 (full 2):
 PSYoungGen      total 65536K, used 0K [0x00000000d5d80000, 0x00000000dc280000, 0x0000000100000000)
  eden space 55808K, 0% used [0x00000000d5d80000,0x00000000d5d80000,0x00000000d9400000)
  from space 9728K, 0% used [0x00000000d9400000,0x00000000d9400000,0x00000000d9d80000)
  to   space 10752K, 0% used [0x00000000db800000,0x00000000db800000,0x00000000dc280000)
 ParOldGen       total 72704K, used 15808K [0x0000000081800000, 0x0000000085f00000, 0x00000000d5d80000)
  object space 72704K, 21% used [0x0000000081800000,0x0000000082770240,0x0000000085f00000)
 Metaspace       used 33012K, capacity 35200K, committed 35416K, reserved 1079296K
  class space    used 4390K, capacity 4732K, committed 4736K, reserved 1048576K
}
Event: 35.282 GC heap before
{Heap before GC invocations=12 (full 2):
 PSYoungGen      total 65536K, used 55808K [0x00000000d5d80000, 0x00000000dc280000, 0x0000000100000000)
  eden space 55808K, 100% used [0x00000000d5d80000,0x00000000d9400000,0x00000000d9400000)
  from space 9728K, 0% used [0x00000000d9400000,0x00000000d9400000,0x00000000d9d80000)
  to   space 10752K, 0% used [0x00000000db800000,0x00000000db800000,0x00000000dc280000)
 ParOldGen       total 72704K, used 15808K [0x0000000081800000, 0x0000000085f00000, 0x00000000d5d80000)
  object space 72704K, 21% used [0x0000000081800000,0x0000000082770240,0x0000000085f00000)
 Metaspace       used 40885K, capacity 43336K, committed 43480K, reserved 1087488K
  class space    used 5406K, capacity 5808K, committed 5888K, reserved 1048576K
Event: 35.295 GC heap after
Heap after GC invocations=12 (full 2):
 PSYoungGen      total 77312K, used 8412K [0x00000000d5d80000, 0x00000000dc080000, 0x0000000100000000)
  eden space 68608K, 0% used [0x00000000d5d80000,0x00000000d5d80000,0x00000000da080000)
  from space 8704K, 96% used [0x00000000db800000,0x00000000dc037320,0x00000000dc080000)
  to   space 10752K, 0% used [0x00000000dab80000,0x00000000dab80000,0x00000000db600000)
 ParOldGen       total 72704K, used 15816K [0x0000000081800000, 0x0000000085f00000, 0x00000000d5d80000)
  object space 72704K, 21% used [0x0000000081800000,0x0000000082772240,0x0000000085f00000)
 Metaspace       used 40885K, capacity 43336K, committed 43480K, reserved 1087488K
  class space    used 5406K, capacity 5808K, committed 5888K, reserved 1048576K
}

